<?xml version="1.0" encoding="UTF-8"?>
<flow xmlns="http://www.springframework.org/schema/webflow"
      xmlns:xsi="http://www.w3.org/2001/XMLSchema-instance"
      xsi:schemaLocation="http://www.springframework.org/schema/webflow http://www.springframework.org/schema/webflow/spring-webflow-2.0.xsd">

    <var class="pl.opms.fe.controller.TestController" name="controller"/>

    <on-start>
        <evaluate expression="controller.init()"/>
    </on-start>

    <view-state id="test">

    </view-state>
</flow>